<?xml version="1.0" encoding="UTF-8"?>
<testsuites>
    <testsuite name="shop-for-localhost;lg17-3:-enter-basic-details" tests="10" failures="0" skipped="0">
        <properties>
            <property name="@localhost" value="true">
            </property>
            <property name="URI" value="C:\workspace\development\201708\node_modules\selenium-cucumber-js\features\test.localhost.feature">
            </property>
        </properties>
        <testcase name="Given I navigate to &quot;http://localhost:8887/k314/lg17-3/index.html&quot;" classname="shop-for-localhost;lg17-3:-enter-basic-details" time="3.772561649">
        </testcase>
        <testcase name="Then element &quot;#input0&quot; &quot;value&quot; should be &quot;0&quot;" classname="shop-for-localhost;lg17-3:-enter-basic-details" time="0.027278384">
        </testcase>
        <testcase name="And element &quot;#totalRoles&quot; &quot;value&quot; should be &quot;0&quot;" classname="shop-for-localhost;lg17-3:-enter-basic-details" time="0.023971495">
        </testcase>
        <testcase name="And element &quot;#total&quot; &quot;value&quot; should be &quot;0&quot;" classname="shop-for-localhost;lg17-3:-enter-basic-details" time="0.01645092">
        </testcase>
        <testcase name="When I set element &quot;#input0&quot; value to &quot;10&quot;" classname="shop-for-localhost;lg17-3:-enter-basic-details" time="0.041370072">
        </testcase>
        <testcase name="Then element &quot;#totalRoles&quot; &quot;value&quot; should be &quot;10&quot;" classname="shop-for-localhost;lg17-3:-enter-basic-details" time="0.012601095">
        </testcase>
        <testcase name="And element &quot;#total&quot; &quot;value&quot; should be &quot;10&quot;" classname="shop-for-localhost;lg17-3:-enter-basic-details" time="0.007811723">
        </testcase>
        <testcase name="When I set element &quot;#sleeping&quot; value to &quot;60&quot;" classname="shop-for-localhost;lg17-3:-enter-basic-details" time="0.051839386">
        </testcase>
        <testcase name="Then element &quot;#totalRoles&quot; &quot;value&quot; should be &quot;10&quot;" classname="shop-for-localhost;lg17-3:-enter-basic-details" time="0.008802949">
        </testcase>
        <testcase name="And element &quot;#total&quot; &quot;value&quot; should be &quot;70&quot;" classname="shop-for-localhost;lg17-3:-enter-basic-details" time="0.014743091">
        </testcase>
    </testsuite>
    <testsuite name="shop-for-localhost;lg17-3:-enter-invalid-characters" tests="4" failures="0" skipped="0">
        <properties>
            <property name="@localhost" value="true">
            </property>
            <property name="URI" value="C:\workspace\development\201708\node_modules\selenium-cucumber-js\features\test.localhost.feature">
            </property>
        </properties>
        <testcase name="Given I navigate to &quot;http://localhost:8887/k314/lg17-3/index.html&quot;" classname="shop-for-localhost;lg17-3:-enter-invalid-characters" time="3.02298057">
        </testcase>
        <testcase name="When I set element &quot;#input0&quot; value to &quot;?&quot;" classname="shop-for-localhost;lg17-3:-enter-invalid-characters" time="0.070880292">
        </testcase>
        <testcase name="Then element &quot;#totalRoles&quot; &quot;value&quot; should be &quot;0&quot;" classname="shop-for-localhost;lg17-3:-enter-invalid-characters" time="0.015464802">
        </testcase>
        <testcase name="And element &quot;#total&quot; &quot;value&quot; should be &quot;0&quot;" classname="shop-for-localhost;lg17-3:-enter-invalid-characters" time="0.013322204">
        </testcase>
    </testsuite>
    <testsuite name="shop-for-localhost;lg17-3:-enter-decimals" tests="4" failures="0" skipped="0">
        <properties>
            <property name="@localhost" value="true">
            </property>
            <property name="URI" value="C:\workspace\development\201708\node_modules\selenium-cucumber-js\features\test.localhost.feature">
            </property>
        </properties>
        <testcase name="Given I navigate to &quot;http://localhost:8887/k314/lg17-3/index.html&quot;" classname="shop-for-localhost;lg17-3:-enter-decimals" time="3.028528909">
        </testcase>
        <testcase name="When I set element &quot;#input0&quot; value to &quot;10.123&quot;" classname="shop-for-localhost;lg17-3:-enter-decimals" time="0.073683907">
        </testcase>
        <testcase name="Then element &quot;#totalRoles&quot; &quot;value&quot; should be &quot;10&quot;" classname="shop-for-localhost;lg17-3:-enter-decimals" time="0.01543115">
        </testcase>
        <testcase name="And element &quot;#total&quot; &quot;value&quot; should be &quot;10&quot;" classname="shop-for-localhost;lg17-3:-enter-decimals" time="0.017365827">
        </testcase>
    </testsuite>
</testsuites>