<?xml version="1.0" encoding="UTF-8"?>
<testsuites>
    <testsuite name="shop-for-localhost;view-product-detail" tests="2" failures="0" skipped="0">
        <properties>
            <property name="@localhost" value="true">
            </property>
            <property name="URI" value="C:\workspace\development\201708\node_modules\selenium-cucumber-js\features\test.localhost.feature">
            </property>
        </properties>
        <testcase name="Given I am on the openmark localhost home page" classname="shop-for-localhost;view-product-detail" time="3.866232949">
        </testcase>
        <testcase name="Then the page title should be &quot;Are you ready for TT284?&quot;" classname="shop-for-localhost;view-product-detail" time="0.006125812">
        </testcase>
    </testsuite>
</testsuites>