<?xml version="1.0" encoding="UTF-8"?>
<testsuites>
    <testsuite name="shop-for-localhost;view-product-detail" tests="2" failures="0" skipped="0">
        <properties>
            <property name="@localhost" value="true">
            </property>
            <property name="URI" value="C:\workspace\development\201708\node_modules\selenium-cucumber-js\features\test.localhost.feature">
            </property>
        </properties>
        <testcase name="Given I navigate to &quot;http://localhost:8887/k314/lg17-3/index.html&quot;" classname="shop-for-localhost;view-product-detail" time="3.779123149">
        </testcase>
        <testcase name="Then element &quot;#input0&quot; &quot;value&quot; should be &quot;0&quot;" classname="shop-for-localhost;view-product-detail" time="0.02795803">
        </testcase>
    </testsuite>
</testsuites>